0 verbose cli C:\Program Files\nodejs\node.exe C:\Users\A. A. ADEKUNLE\AppData\Roaming\npm\node_modules\npm\bin\npm-cli.js
1 info using npm@8.12.2
2 info using node@v14.17.1
3 timing npm:load:whichnode Completed in 1ms
4 timing config:load:defaults Completed in 9ms
5 timing config:load:file:C:\Users\A. A. ADEKUNLE\AppData\Roaming\npm\node_modules\npm\npmrc Completed in 32ms
6 timing config:load:builtin Completed in 34ms
7 timing config:load:cli Completed in 6ms
8 timing config:load:env Completed in 25ms
9 timing config:load:file:C:\Users\A. A. ADEKUNLE\Desktop\API REACT\apireact\.npmrc Completed in 0ms
10 timing config:load:project Completed in 356ms
11 timing config:load:file:C:\Users\A. A. ADEKUNLE\.npmrc Completed in 2ms
12 timing config:load:user Completed in 2ms
13 timing config:load:file:C:\Users\A. A. ADEKUNLE\AppData\Roaming\npm\etc\npmrc Completed in 0ms
14 timing config:load:global Completed in 2ms
15 timing config:load:validate Completed in 2ms
16 timing config:load:credentials Completed in 2ms
17 timing config:load:setEnvs Completed in 3ms
18 timing config:load Completed in 443ms
19 timing npm:load:configload Completed in 444ms
20 timing npm:load:mkdirpcache Completed in 81ms
21 timing npm:load:mkdirplogs Completed in 2ms
22 verbose title npm start
23 verbose argv "start"
24 timing npm:load:setTitle Completed in 7ms
25 timing config:load:flatten Completed in 103ms
26 timing npm:load:display Completed in 113ms
27 verbose logfile logs-max:10 dir:C:\Users\A. A. ADEKUNLE\Desktop\API REACT\apireact\_logs
28 verbose logfile C:\Users\A. A. ADEKUNLE\Desktop\API REACT\apireact\_logs\2022-07-20T07_23_49_015Z-debug-0.log
29 timing npm:load:logFile Completed in 37ms
30 timing npm:load:timers Completed in 0ms
31 timing npm:load:configScope Completed in 0ms
32 timing npm:load Completed in 689ms
33 silly logfile done cleaning log files
