0 verbose cli C:\Program Files\nodejs\node.exe C:\Users\A. A. ADEKUNLE\AppData\Roaming\npm\node_modules\npm\bin\npm-cli.js
1 info using npm@8.12.2
2 info using node@v14.17.1
3 timing npm:load:whichnode Completed in 2ms
4 timing config:load:defaults Completed in 7ms
5 timing config:load:file:C:\Users\A. A. ADEKUNLE\AppData\Roaming\npm\node_modules\npm\npmrc Completed in 33ms
6 timing config:load:builtin Completed in 35ms
7 timing config:load:cli Completed in 9ms
8 timing config:load:env Completed in 3ms
9 timing config:load:file:C:\Users\A. A. ADEKUNLE\Desktop\API REACT\apireact\.npmrc Completed in 1ms
10 timing config:load:project Completed in 522ms
11 timing config:load:file:C:\Users\A. A. ADEKUNLE\.npmrc Completed in 4ms
12 timing config:load:user Completed in 4ms
13 timing config:load:file:C:\Users\A. A. ADEKUNLE\AppData\Roaming\npm\etc\npmrc Completed in 0ms
14 timing config:load:global Completed in 2ms
15 timing config:load:validate Completed in 3ms
16 timing config:load:credentials Completed in 3ms
17 timing config:load:setEnvs Completed in 4ms
18 timing config:load Completed in 594ms
19 timing npm:load:configload Completed in 595ms
20 timing npm:load:mkdirpcache Completed in 6ms
21 timing npm:load:mkdirplogs Completed in 1ms
22 verbose title npm start
23 verbose argv "start"
24 timing npm:load:setTitle Completed in 6ms
25 timing config:load:flatten Completed in 19ms
26 timing npm:load:display Completed in 30ms
27 verbose logfile logs-max:10 dir:C:\Users\A. A. ADEKUNLE\Desktop\API REACT\apireact\_logs
28 verbose logfile C:\Users\A. A. ADEKUNLE\Desktop\API REACT\apireact\_logs\2022-07-20T08_31_05_830Z-debug-0.log
29 timing npm:load:logFile Completed in 173ms
30 timing npm:load:timers Completed in 2ms
31 timing npm:load:configScope Completed in 0ms
32 timing npm:load Completed in 823ms
33 silly logfile done cleaning log files
34 http fetch GET 200 https://registry.npmjs.org/npm 8107ms (cache updated)
35 http fetch GET 200 https://registry.npmjs.org/npm 8355ms (cache updated)
